<?xml version="1.0" encoding="UTF-8"?>
<!-- Generated by org.testng.reporters.JUnitXMLReporter -->
<testsuite hostname="DESKTOP-6IP7VMK" ignored="0" name="Default test" tests="3" failures="0" timestamp="2021-04-01T02:06:17 EDT" time="36.183" errors="0">
  <testcase name="loginTest" time="2.08" classname="various_Concepts.LoginTest_TestNG"/>
  <testcase name="dashboardPage" time="6.505" classname="various_Concepts.LoginTest_TestNG"/>
  <testcase name="addCustomer" time="6.337" classname="various_Concepts.LoginTest_TestNG"/>
</testsuite> <!-- Default test -->
