<?xml version="1.0" encoding="UTF-8"?>
<!-- Generated by org.testng.reporters.JUnitXMLReporter -->
<testsuite hostname="DESKTOP-6IP7VMK" ignored="0" name="Default test" tests="3" failures="0" timestamp="2021-03-31T18:30:51 EDT" time="30.939" errors="0">
  <testcase name="loginTest" time="2.086" classname="various_Concepts.LoginTest_TestNG"/>
  <testcase name="dashboardPage" time="4.058" classname="various_Concepts.LoginTest_TestNG"/>
  <testcase name="addCustomer" time="5.883" classname="various_Concepts.LoginTest_TestNG"/>
</testsuite> <!-- Default test -->
