<?xml version="1.0" encoding="UTF-8"?>
<testng-results skipped="0" failed="0" ignored="0" total="3" passed="3">
  <reporter-output>
  </reporter-output>
  <suite name="Default suite" duration-ms="30939" started-at="2021-03-31T18:30:20 EDT" finished-at="2021-03-31T18:30:51 EDT">
    <groups>
    </groups>
    <test name="Default test" duration-ms="30939" started-at="2021-03-31T18:30:20 EDT" finished-at="2021-03-31T18:30:51 EDT">
      <class name="various_Concepts.LoginTest_TestNG">
        <test-method status="PASS" signature="readConfig()[pri:0, instance:various_Concepts.LoginTest_TestNG@2d6eabae]" name="readConfig" is-config="true" duration-ms="9" started-at="2021-03-31T18:30:20 EDT" finished-at="2021-03-31T18:30:20 EDT">
          <reporter-output>
          </reporter-output>
        </test-method> <!-- readConfig -->
        <test-method status="PASS" signature="init()[pri:0, instance:various_Concepts.LoginTest_TestNG@2d6eabae]" name="init" is-config="true" duration-ms="7193" started-at="2021-03-31T18:30:20 EDT" finished-at="2021-03-31T18:30:28 EDT">
          <reporter-output>
          </reporter-output>
        </test-method> <!-- init -->
        <test-method status="PASS" signature="loginTest()[pri:1, instance:various_Concepts.LoginTest_TestNG@2d6eabae]" name="loginTest" duration-ms="2086" started-at="2021-03-31T18:30:28 EDT" finished-at="2021-03-31T18:30:30 EDT">
          <reporter-output>
          </reporter-output>
        </test-method> <!-- loginTest -->
        <test-method status="PASS" signature="init()[pri:0, instance:various_Concepts.LoginTest_TestNG@2d6eabae]" name="init" is-config="true" duration-ms="5754" started-at="2021-03-31T18:30:30 EDT" finished-at="2021-03-31T18:30:35 EDT">
          <reporter-output>
          </reporter-output>
        </test-method> <!-- init -->
        <test-method status="PASS" signature="dashboardPage()[pri:2, instance:various_Concepts.LoginTest_TestNG@2d6eabae]" name="dashboardPage" duration-ms="4058" started-at="2021-03-31T18:30:35 EDT" finished-at="2021-03-31T18:30:39 EDT">
          <reporter-output>
          </reporter-output>
        </test-method> <!-- dashboardPage -->
        <test-method status="PASS" signature="init()[pri:0, instance:various_Concepts.LoginTest_TestNG@2d6eabae]" name="init" is-config="true" duration-ms="5905" started-at="2021-03-31T18:30:39 EDT" finished-at="2021-03-31T18:30:45 EDT">
          <reporter-output>
          </reporter-output>
        </test-method> <!-- init -->
        <test-method status="PASS" signature="addCustomer()[pri:3, instance:various_Concepts.LoginTest_TestNG@2d6eabae]" name="addCustomer" duration-ms="5883" started-at="2021-03-31T18:30:45 EDT" finished-at="2021-03-31T18:30:51 EDT">
          <reporter-output>
          </reporter-output>
        </test-method> <!-- addCustomer -->
      </class> <!-- various_Concepts.LoginTest_TestNG -->
    </test> <!-- Default test -->
  </suite> <!-- Default suite -->
</testng-results>
